<?xml version="1.0" encoding="UTF-8"?>
<!-- Generated by org.testng.reporters.JUnitReportReporter -->
<testsuite hostname="MACAIM00840" failures="0" tests="1" name="Seleniumproject.SeleniumP.GetText" time="1.983" errors="0" timestamp="2020-03-12T17:18:42 IST" skipped="0">
  <testcase classname="Seleniumproject.SeleniumP.GetText" name="getFbtext" time="1.983"/>
</testsuite> <!-- Seleniumproject.SeleniumP.GetText -->
