<?xml version="1.0" encoding="UTF-8"?>
<!-- Generated by org.testng.reporters.JUnitReportReporter -->
<testsuite hostname="MACAIM00840" failures="0" tests="1" name="Seleniumproject.SeleniumP.Logintests" time="0.000" errors="0" timestamp="2020-03-12T17:18:41 IST" skipped="1">
  <testcase classname="Seleniumproject.SeleniumP.Logintests" name="LoginTest1" time="0.000">
    <skipped/>
  </testcase> <!-- LoginTest1 -->
</testsuite> <!-- Seleniumproject.SeleniumP.Logintests -->
