<?xml version="1.0" encoding="UTF-8"?>
<!-- Generated by org.testng.reporters.JUnitReportReporter -->
<testsuite hostname="MACAIM00840" failures="0" tests="1" name="Seleniumproject.SeleniumP.AppTest" time="0.005" errors="0" timestamp="2020-02-24T15:19:45 IST" skipped="0">
  <testcase classname="Seleniumproject.SeleniumP.AppTest" name="testApp" time="0.005"/>
</testsuite> <!-- Seleniumproject.SeleniumP.AppTest -->
