<?xml version="1.0" encoding="UTF-8"?>
<!-- Generated by org.testng.reporters.JUnitReportReporter -->
<testsuite hostname="MACAIM00840" failures="0" tests="2" name="Seleniumproject.SeleniumP.Logintest" time="3.259" errors="0" timestamp="2020-03-12T17:18:42 IST" skipped="1">
  <testcase classname="Seleniumproject.SeleniumP.Logintest" name="getDropdowns" time="3.259"/>
  <testcase classname="Seleniumproject.SeleniumP.Logintest" name="LoginPage">
    <skipped/>
  </testcase> <!-- LoginPage -->
</testsuite> <!-- Seleniumproject.SeleniumP.Logintest -->
